Mon Sep 10 2018 13:05:33 GMT+0545 (Nepal Standard Time):GET /about
Mon Sep 10 2018 13:05:36 GMT+0545 (Nepal Standard Time):GET /about
Mon Sep 10 2018 13:22:17 GMT+0545 (Nepal Standard Time):GET /about
Mon Sep 10 2018 13:22:18 GMT+0545 (Nepal Standard Time):GET /about
Mon Sep 10 2018 13:22:18 GMT+0545 (Nepal Standard Time):GET /about
Mon Sep 10 2018 13:22:19 GMT+0545 (Nepal Standard Time):GET /
Mon Sep 10 2018 13:22:19 GMT+0545 (Nepal Standard Time):GET /
Mon Sep 10 2018 13:24:35 GMT+0545 (Nepal Standard Time):GET /
Tue Sep 11 2018 10:35:38 GMT+0545 (Nepal Standard Time):GET /
Tue Sep 11 2018 10:35:38 GMT+0545 (Nepal Standard Time):GET /favicon.ico
Tue Sep 11 2018 10:36:15 GMT+0545 (Nepal Standard Time):GET /
Tue Sep 11 2018 10:36:15 GMT+0545 (Nepal Standard Time):GET /favicon.ico
Tue Sep 11 2018 10:37:27 GMT+0545 (Nepal Standard Time):GET /
Tue Sep 11 2018 13:57:15 GMT+0545 (Nepal Standard Time):GET /
Tue Sep 11 2018 13:57:19 GMT+0545 (Nepal Standard Time):GET /about
Tue Sep 11 2018 13:57:20 GMT+0545 (Nepal Standard Time):GET /
Tue Sep 11 2018 13:58:18 GMT+0545 (Nepal Standard Time):GET /
Tue Sep 11 2018 13:58:20 GMT+0545 (Nepal Standard Time):GET /projects
Tue Sep 11 2018 13:58:22 GMT+0545 (Nepal Standard Time):GET /about
Tue Sep 11 2018 13:58:22 GMT+0545 (Nepal Standard Time):GET /
